<?xml version="1.0" encoding="UTF-8"?>
<!-- Generated by org.testng.reporters.JUnitReportReporter -->
<testsuite hostname="DESKTOP-VOV0O7A" failures="0" tests="2" name="testCases.TC001_AccountRegistrationTest" time="6.988" errors="0" timestamp="2025-01-22T10:43:44 IST" skipped="0">
  <testcase classname="testCases.TC001_AccountRegistrationTest" name="verify_account_registration" time="3.289"/>
  <testcase classname="testCases.TC001_AccountRegistrationTest" name="verify_account_registration" time="3.699"/>
</testsuite> <!-- testCases.TC001_AccountRegistrationTest -->
