<?xml version="1.0" encoding="UTF-8"?>
<!-- Generated by org.testng.reporters.JUnitReportReporter -->
<testsuite hostname="DESKTOP-VOV0O7A" failures="0" tests="1" name="testCases.TC002_LoginTest" time="2.109" errors="0" timestamp="2025-01-31T11:21:07 IST" skipped="0">
  <testcase classname="testCases.TC002_LoginTest" name="verify_login" time="2.109"/>
</testsuite> <!-- testCases.TC002_LoginTest -->
