<?xml version="1.0" encoding="UTF-8"?>
<!-- Generated by org.testng.reporters.JUnitReportReporter -->
<testsuite hostname="DESKTOP-VOV0O7A" failures="0" tests="2" name="testCases.TC002_LoginTest" time="3.911" errors="0" timestamp="2025-01-22T10:43:44 IST" skipped="0">
  <testcase classname="testCases.TC002_LoginTest" name="verify_login" time="1.964"/>
  <testcase classname="testCases.TC002_LoginTest" name="verify_login" time="1.947"/>
</testsuite> <!-- testCases.TC002_LoginTest -->
